<?xml version="1.0" encoding="UTF-8"?>
<!-- Generated by org.testng.reporters.JUnitReportReporter -->
<testsuite hostname="DESKTOP-ON52Q3I" failures="0" tests="1" name="testPages.LoginPage_Tests" time="102.917" errors="0" timestamp="2024-01-04T21:22:14 IST" skipped="0">
  <testcase classname="testPages.LoginPage_Tests" name="logins" time="102.917"/>
  <system-out/>
</testsuite> <!-- testPages.LoginPage_Tests -->
